生成启动时间为 2017/8/23 13:36:06。
     1>项目“E:\学习\大三上\高级编程技术\Cpaint\Cpaint\Cpaint.vcxproj”在节点 2 上(Build 个目标)。
     1>ClCompile:
         C:\Program Files (x86)\Microsoft Visual Studio 12.0\VC\bin\x86_amd64\CL.exe /c /Zi /nologo /W3 /WX- /sdl /O2 /Oi /GL /D _WINDOWS /D NDEBUG /D _UNICODE /D UNICODE /D _AFXDLL /Gm- /EHsc /MD /GS /Gy /fp:precise /Zc:wchar_t /Zc:forScope /Yc"stdafx.h" /Fp"x64\Release\Cpaint.pch" /Fo"x64\Release\\" /Fd"x64\Release\vc120.pdb" /Gd /TP /errorReport:prompt stdafx.cpp
         stdafx.cpp
         C:\Program Files (x86)\Microsoft Visual Studio 12.0\VC\bin\x86_amd64\CL.exe /c /Zi /nologo /W3 /WX- /sdl /O2 /Oi /GL /D _WINDOWS /D NDEBUG /D _UNICODE /D UNICODE /D _AFXDLL /Gm- /EHsc /MD /GS /Gy /fp:precise /Zc:wchar_t /Zc:forScope /Yu"stdafx.h" /Fp"x64\Release\Cpaint.pch" /Fo"x64\Release\\" /Fd"x64\Release\vc120.pdb" /Gd /TP /errorReport:prompt Character.cpp Cpaint.cpp CpaintDoc.cpp CpaintView.cpp DukeDlg.cpp InputString.cpp MainFrm.cpp PaintDlg.cpp PenSize.cpp
         Character.cpp
         Cpaint.cpp
         CpaintDoc.cpp
         CpaintView.cpp
     1>CpaintView.cpp(217): warning C4244: “=”: 从“double”转换到“int”，可能丢失数据
     1>CpaintView.cpp(757): warning C4129: “: 不可识别的字符转义序列
     1>CpaintView.cpp(1059): warning C4129: “: 不可识别的字符转义序列
         DukeDlg.cpp
         InputString.cpp
         MainFrm.cpp
         PaintDlg.cpp
         PenSize.cpp
       ResourceCompile:
         C:\Program Files (x86)\Windows Kits\8.1\bin\x86\rc.exe /D NDEBUG /D _UNICODE /D UNICODE /D _AFXDLL /l"0x0804" /Ix64\Release\ /nologo /fo"x64\Release\Cpaint.res" Cpaint.rc 
       Link:
         C:\Program Files (x86)\Microsoft Visual Studio 12.0\VC\bin\x86_amd64\link.exe /ERRORREPORT:PROMPT /OUT:"E:\学习\大三上\高级编程技术\Cpaint\x64\Release\Cpaint.exe" /INCREMENTAL:NO /NOLOGO /MANIFEST /MANIFESTUAC:"level='asInvoker' uiAccess='false'" /manifest:embed /manifestinput:"C:\Program Files (x86)\Microsoft Visual Studio 12.0\VC\Include\Manifest\dpiaware.manifest" /DEBUG /PDB:"E:\学习\大三上\高级编程技术\Cpaint\x64\Release\Cpaint.pdb" /SUBSYSTEM:WINDOWS /OPT:REF /OPT:ICF /LTCG /TLBID:1 /ENTRY:"wWinMainCRTStartup" /DYNAMICBASE /NXCOMPAT /IMPLIB:"E:\学习\大三上\高级编程技术\Cpaint\x64\Release\Cpaint.lib" /MACHINE:X64 x64\Release\Cpaint.res
         x64\Release\Character.obj
         x64\Release\Cpaint.obj
         x64\Release\CpaintDoc.obj
         x64\Release\CpaintView.obj
         x64\Release\DukeDlg.obj
         x64\Release\InputString.obj
         x64\Release\MainFrm.obj
         x64\Release\PaintDlg.obj
         x64\Release\PenSize.obj
         x64\Release\stdafx.obj
         正在生成代码
         已完成代码的生成
         Cpaint.vcxproj -> E:\学习\大三上\高级编程技术\Cpaint\x64\Release\Cpaint.exe
     1>已完成生成项目“E:\学习\大三上\高级编程技术\Cpaint\Cpaint\Cpaint.vcxproj”(Build 个目标)的操作。

生成成功。

已用时间 00:00:06.57
